2019-09-03 13:37:22,191  WARN CharyparNagelActivityScoring:252 The first and the last activity do not have the same type. 
2019-09-03 13:37:22,192  WARN CharyparNagelActivityScoring:253 Will score the first activity from midnight to its end, and the last activity from its start to midnight.
2019-09-03 13:37:22,192  WARN CharyparNagelActivityScoring:254 Because of the nonlinear function, this is not the same as scoring from start to end.
2019-09-03 13:37:22,195  WARN CharyparNagelActivityScoring:255 first activity: [type=home][coord=null][linkId=6413][startTime=undefined][endTime=07:00:00][duration=undefined][facilityId=null]
2019-09-03 13:37:22,195  WARN CharyparNagelActivityScoring:256 last activity: [type=shelter][coord=null][linkId=15668][startTime=08:30:21][endTime=undefined][duration=undefined][facilityId=null]
2019-09-03 13:37:22,223  WARN CharyparNagelActivityScoring:257 This may also happen when plans are not completed when the simulation ends.
2019-09-03 13:37:22,227  WARN CharyparNagelActivityScoring:259 Additional warnings of this type are suppressed.
2019-09-03 13:37:25,884  WARN CharyparNagelActivityScoring:252 The first and the last activity do not have the same type. 
2019-09-03 13:37:25,884  WARN CharyparNagelActivityScoring:253 Will score the first activity from midnight to its end, and the last activity from its start to midnight.
2019-09-03 13:37:25,884  WARN CharyparNagelActivityScoring:254 Because of the nonlinear function, this is not the same as scoring from start to end.
2019-09-03 13:37:25,886  WARN CharyparNagelActivityScoring:255 first activity: [type=home][coord=null][linkId=6413][startTime=undefined][endTime=07:00:00][duration=undefined][facilityId=null]
2019-09-03 13:37:25,886  WARN CharyparNagelActivityScoring:256 last activity: [type=shelter][coord=null][linkId=15668][startTime=08:30:21][endTime=undefined][duration=undefined][facilityId=null]
2019-09-03 13:37:25,887  WARN CharyparNagelActivityScoring:257 This may also happen when plans are not completed when the simulation ends.
2019-09-03 13:37:25,889  WARN CharyparNagelActivityScoring:259 Additional warnings of this type are suppressed.
2019-09-03 13:37:29,269  WARN CharyparNagelActivityScoring:252 The first and the last activity do not have the same type. 
2019-09-03 13:37:29,270  WARN CharyparNagelActivityScoring:253 Will score the first activity from midnight to its end, and the last activity from its start to midnight.
2019-09-03 13:37:29,270  WARN CharyparNagelActivityScoring:254 Because of the nonlinear function, this is not the same as scoring from start to end.
2019-09-03 13:37:29,271  WARN CharyparNagelActivityScoring:255 first activity: [type=home][coord=null][linkId=6413][startTime=undefined][endTime=07:00:00][duration=undefined][facilityId=null]
2019-09-03 13:37:29,271  WARN CharyparNagelActivityScoring:256 last activity: [type=shelter][coord=null][linkId=15668][startTime=08:30:21][endTime=undefined][duration=undefined][facilityId=null]
2019-09-03 13:37:29,271  WARN CharyparNagelActivityScoring:257 This may also happen when plans are not completed when the simulation ends.
2019-09-03 13:37:29,271  WARN CharyparNagelActivityScoring:259 Additional warnings of this type are suppressed.
2019-09-03 13:37:31,981  WARN CharyparNagelActivityScoring:252 The first and the last activity do not have the same type. 
2019-09-03 13:37:31,981  WARN CharyparNagelActivityScoring:253 Will score the first activity from midnight to its end, and the last activity from its start to midnight.
2019-09-03 13:37:31,981  WARN CharyparNagelActivityScoring:254 Because of the nonlinear function, this is not the same as scoring from start to end.
2019-09-03 13:37:31,981  WARN CharyparNagelActivityScoring:255 first activity: [type=home][coord=null][linkId=6413][startTime=undefined][endTime=07:00:00][duration=undefined][facilityId=null]
2019-09-03 13:37:31,981  WARN CharyparNagelActivityScoring:256 last activity: [type=shelter][coord=null][linkId=15668][startTime=08:30:21][endTime=undefined][duration=undefined][facilityId=null]
2019-09-03 13:37:31,982  WARN CharyparNagelActivityScoring:257 This may also happen when plans are not completed when the simulation ends.
2019-09-03 13:37:31,982  WARN CharyparNagelActivityScoring:259 Additional warnings of this type are suppressed.
2019-09-03 13:37:34,140  WARN CharyparNagelActivityScoring:252 The first and the last activity do not have the same type. 
2019-09-03 13:37:34,140  WARN CharyparNagelActivityScoring:253 Will score the first activity from midnight to its end, and the last activity from its start to midnight.
2019-09-03 13:37:34,140  WARN CharyparNagelActivityScoring:254 Because of the nonlinear function, this is not the same as scoring from start to end.
2019-09-03 13:37:34,141  WARN CharyparNagelActivityScoring:255 first activity: [type=home][coord=null][linkId=6413][startTime=undefined][endTime=07:00:00][duration=undefined][facilityId=null]
2019-09-03 13:37:34,141  WARN CharyparNagelActivityScoring:256 last activity: [type=shelter][coord=null][linkId=15668][startTime=08:30:21][endTime=undefined][duration=undefined][facilityId=null]
2019-09-03 13:37:34,141  WARN CharyparNagelActivityScoring:257 This may also happen when plans are not completed when the simulation ends.
2019-09-03 13:37:34,141  WARN CharyparNagelActivityScoring:259 Additional warnings of this type are suppressed.
2019-09-03 13:37:36,949  WARN CharyparNagelActivityScoring:252 The first and the last activity do not have the same type. 
2019-09-03 13:37:36,949  WARN CharyparNagelActivityScoring:253 Will score the first activity from midnight to its end, and the last activity from its start to midnight.
2019-09-03 13:37:36,949  WARN CharyparNagelActivityScoring:254 Because of the nonlinear function, this is not the same as scoring from start to end.
2019-09-03 13:37:36,950  WARN CharyparNagelActivityScoring:255 first activity: [type=home][coord=null][linkId=6413][startTime=undefined][endTime=07:00:00][duration=undefined][facilityId=null]
2019-09-03 13:37:36,950  WARN CharyparNagelActivityScoring:256 last activity: [type=shelter][coord=null][linkId=15668][startTime=08:30:21][endTime=undefined][duration=undefined][facilityId=null]
2019-09-03 13:37:36,950  WARN CharyparNagelActivityScoring:257 This may also happen when plans are not completed when the simulation ends.
2019-09-03 13:37:36,950  WARN CharyparNagelActivityScoring:259 Additional warnings of this type are suppressed.
