2019-09-10 16:04:45,817 ERROR BasicPlanAgentImpl:165 last activity of person driver agent id 545 has end time < infty; setting it to infty
2019-09-10 16:04:45,817 ERROR BasicPlanAgentImpl:166  This message given only once.
2019-09-10 16:04:48,997  WARN CharyparNagelActivityScoring:252 The first and the last activity do not have the same type. 
2019-09-10 16:04:48,997  WARN CharyparNagelActivityScoring:253 Will score the first activity from midnight to its end, and the last activity from its start to midnight.
2019-09-10 16:04:48,998  WARN CharyparNagelActivityScoring:254 Because of the nonlinear function, this is not the same as scoring from start to end.
2019-09-10 16:04:48,998  WARN CharyparNagelActivityScoring:255 first activity: [type=home][coord=null][linkId=91589][startTime=undefined][endTime=11:00:00][duration=undefined][facilityId=null]
2019-09-10 16:04:49,004  WARN CharyparNagelActivityScoring:256 last activity: [type=shelter][coord=null][linkId=13972][startTime=12:18:26][endTime=undefined][duration=undefined][facilityId=null]
2019-09-10 16:04:49,005  WARN CharyparNagelActivityScoring:257 This may also happen when plans are not completed when the simulation ends.
2019-09-10 16:04:49,005  WARN CharyparNagelActivityScoring:259 Additional warnings of this type are suppressed.
2019-09-10 16:04:57,744  WARN CharyparNagelActivityScoring:252 The first and the last activity do not have the same type. 
2019-09-10 16:04:57,744  WARN CharyparNagelActivityScoring:253 Will score the first activity from midnight to its end, and the last activity from its start to midnight.
2019-09-10 16:04:57,745  WARN CharyparNagelActivityScoring:254 Because of the nonlinear function, this is not the same as scoring from start to end.
2019-09-10 16:04:57,745  WARN CharyparNagelActivityScoring:255 first activity: [type=home][coord=null][linkId=91589][startTime=undefined][endTime=11:00:00][duration=undefined][facilityId=null]
2019-09-10 16:04:57,745  WARN CharyparNagelActivityScoring:256 last activity: [type=shelter][coord=null][linkId=13972][startTime=12:18:02][endTime=undefined][duration=undefined][facilityId=null]
2019-09-10 16:04:57,745  WARN CharyparNagelActivityScoring:257 This may also happen when plans are not completed when the simulation ends.
2019-09-10 16:04:57,745  WARN CharyparNagelActivityScoring:259 Additional warnings of this type are suppressed.
2019-09-10 16:05:05,511  WARN CharyparNagelActivityScoring:252 The first and the last activity do not have the same type. 
2019-09-10 16:05:05,511  WARN CharyparNagelActivityScoring:253 Will score the first activity from midnight to its end, and the last activity from its start to midnight.
2019-09-10 16:05:05,511  WARN CharyparNagelActivityScoring:254 Because of the nonlinear function, this is not the same as scoring from start to end.
2019-09-10 16:05:05,511  WARN CharyparNagelActivityScoring:255 first activity: [type=home][coord=null][linkId=91589][startTime=undefined][endTime=11:00:00][duration=undefined][facilityId=null]
2019-09-10 16:05:05,511  WARN CharyparNagelActivityScoring:256 last activity: [type=shelter][coord=null][linkId=13972][startTime=12:18:14][endTime=undefined][duration=undefined][facilityId=null]
2019-09-10 16:05:05,511  WARN CharyparNagelActivityScoring:257 This may also happen when plans are not completed when the simulation ends.
2019-09-10 16:05:05,512  WARN CharyparNagelActivityScoring:259 Additional warnings of this type are suppressed.
2019-09-10 16:05:12,109  WARN CharyparNagelActivityScoring:252 The first and the last activity do not have the same type. 
2019-09-10 16:05:12,109  WARN CharyparNagelActivityScoring:253 Will score the first activity from midnight to its end, and the last activity from its start to midnight.
2019-09-10 16:05:12,109  WARN CharyparNagelActivityScoring:254 Because of the nonlinear function, this is not the same as scoring from start to end.
2019-09-10 16:05:12,109  WARN CharyparNagelActivityScoring:255 first activity: [type=home][coord=null][linkId=91589][startTime=undefined][endTime=11:00:00][duration=undefined][facilityId=null]
2019-09-10 16:05:12,110  WARN CharyparNagelActivityScoring:256 last activity: [type=shelter][coord=null][linkId=13972][startTime=12:18:32][endTime=undefined][duration=undefined][facilityId=null]
2019-09-10 16:05:12,110  WARN CharyparNagelActivityScoring:257 This may also happen when plans are not completed when the simulation ends.
2019-09-10 16:05:12,110  WARN CharyparNagelActivityScoring:259 Additional warnings of this type are suppressed.
2019-09-10 16:05:18,295  WARN CharyparNagelActivityScoring:252 The first and the last activity do not have the same type. 
2019-09-10 16:05:18,295  WARN CharyparNagelActivityScoring:253 Will score the first activity from midnight to its end, and the last activity from its start to midnight.
2019-09-10 16:05:18,295  WARN CharyparNagelActivityScoring:254 Because of the nonlinear function, this is not the same as scoring from start to end.
2019-09-10 16:05:18,295  WARN CharyparNagelActivityScoring:255 first activity: [type=home][coord=null][linkId=91589][startTime=undefined][endTime=11:00:00][duration=undefined][facilityId=null]
2019-09-10 16:05:18,295  WARN CharyparNagelActivityScoring:256 last activity: [type=shelter][coord=null][linkId=13972][startTime=12:18:45][endTime=undefined][duration=undefined][facilityId=null]
2019-09-10 16:05:18,295  WARN CharyparNagelActivityScoring:257 This may also happen when plans are not completed when the simulation ends.
2019-09-10 16:05:18,295  WARN CharyparNagelActivityScoring:259 Additional warnings of this type are suppressed.
2019-09-10 16:05:24,526  WARN CharyparNagelActivityScoring:252 The first and the last activity do not have the same type. 
2019-09-10 16:05:24,526  WARN CharyparNagelActivityScoring:253 Will score the first activity from midnight to its end, and the last activity from its start to midnight.
2019-09-10 16:05:24,526  WARN CharyparNagelActivityScoring:254 Because of the nonlinear function, this is not the same as scoring from start to end.
2019-09-10 16:05:24,526  WARN CharyparNagelActivityScoring:255 first activity: [type=home][coord=null][linkId=91589][startTime=undefined][endTime=11:00:00][duration=undefined][facilityId=null]
2019-09-10 16:05:24,527  WARN CharyparNagelActivityScoring:256 last activity: [type=shelter][coord=null][linkId=13972][startTime=12:18:38][endTime=undefined][duration=undefined][facilityId=null]
2019-09-10 16:05:24,527  WARN CharyparNagelActivityScoring:257 This may also happen when plans are not completed when the simulation ends.
2019-09-10 16:05:24,527  WARN CharyparNagelActivityScoring:259 Additional warnings of this type are suppressed.
