2019-09-03 13:31:31,153 ERROR BasicPlanAgentImpl:165 last activity of person driver agent id 991229711010199 has end time < infty; setting it to infty
2019-09-03 13:31:31,153 ERROR BasicPlanAgentImpl:166  This message given only once.
2019-09-03 13:31:32,898  WARN CharyparNagelActivityScoring:252 The first and the last activity do not have the same type. 
2019-09-03 13:31:32,899  WARN CharyparNagelActivityScoring:253 Will score the first activity from midnight to its end, and the last activity from its start to midnight.
2019-09-03 13:31:32,899  WARN CharyparNagelActivityScoring:254 Because of the nonlinear function, this is not the same as scoring from start to end.
2019-09-03 13:31:32,900  WARN CharyparNagelActivityScoring:255 first activity: [type=home][coord=null][linkId=28625][startTime=undefined][endTime=07:00:00][duration=undefined][facilityId=null]
2019-09-03 13:31:32,901  WARN CharyparNagelActivityScoring:256 last activity: [type=shelter][coord=null][linkId=25696][startTime=08:35:29][endTime=undefined][duration=undefined][facilityId=null]
2019-09-03 13:31:32,901  WARN CharyparNagelActivityScoring:257 This may also happen when plans are not completed when the simulation ends.
2019-09-03 13:31:32,902  WARN CharyparNagelActivityScoring:259 Additional warnings of this type are suppressed.
2019-09-03 13:31:37,273  WARN CharyparNagelActivityScoring:252 The first and the last activity do not have the same type. 
2019-09-03 13:31:37,274  WARN CharyparNagelActivityScoring:253 Will score the first activity from midnight to its end, and the last activity from its start to midnight.
2019-09-03 13:31:37,274  WARN CharyparNagelActivityScoring:254 Because of the nonlinear function, this is not the same as scoring from start to end.
2019-09-03 13:31:37,274  WARN CharyparNagelActivityScoring:255 first activity: [type=home][coord=null][linkId=28625][startTime=undefined][endTime=07:00:00][duration=undefined][facilityId=null]
2019-09-03 13:31:37,275  WARN CharyparNagelActivityScoring:256 last activity: [type=shelter][coord=null][linkId=25696][startTime=08:35:29][endTime=undefined][duration=undefined][facilityId=null]
2019-09-03 13:31:37,275  WARN CharyparNagelActivityScoring:257 This may also happen when plans are not completed when the simulation ends.
2019-09-03 13:31:37,275  WARN CharyparNagelActivityScoring:259 Additional warnings of this type are suppressed.
2019-09-03 13:31:40,211  WARN CharyparNagelActivityScoring:252 The first and the last activity do not have the same type. 
2019-09-03 13:31:40,211  WARN CharyparNagelActivityScoring:253 Will score the first activity from midnight to its end, and the last activity from its start to midnight.
2019-09-03 13:31:40,211  WARN CharyparNagelActivityScoring:254 Because of the nonlinear function, this is not the same as scoring from start to end.
2019-09-03 13:31:40,212  WARN CharyparNagelActivityScoring:255 first activity: [type=home][coord=null][linkId=28625][startTime=undefined][endTime=07:00:00][duration=undefined][facilityId=null]
2019-09-03 13:31:40,212  WARN CharyparNagelActivityScoring:256 last activity: [type=shelter][coord=null][linkId=25696][startTime=08:35:29][endTime=undefined][duration=undefined][facilityId=null]
2019-09-03 13:31:40,212  WARN CharyparNagelActivityScoring:257 This may also happen when plans are not completed when the simulation ends.
2019-09-03 13:31:40,212  WARN CharyparNagelActivityScoring:259 Additional warnings of this type are suppressed.
2019-09-03 13:31:42,961  WARN CharyparNagelActivityScoring:252 The first and the last activity do not have the same type. 
2019-09-03 13:31:42,961  WARN CharyparNagelActivityScoring:253 Will score the first activity from midnight to its end, and the last activity from its start to midnight.
2019-09-03 13:31:42,961  WARN CharyparNagelActivityScoring:254 Because of the nonlinear function, this is not the same as scoring from start to end.
2019-09-03 13:31:42,961  WARN CharyparNagelActivityScoring:255 first activity: [type=home][coord=null][linkId=28625][startTime=undefined][endTime=07:00:00][duration=undefined][facilityId=null]
2019-09-03 13:31:42,962  WARN CharyparNagelActivityScoring:256 last activity: [type=shelter][coord=null][linkId=25696][startTime=08:35:29][endTime=undefined][duration=undefined][facilityId=null]
2019-09-03 13:31:42,962  WARN CharyparNagelActivityScoring:257 This may also happen when plans are not completed when the simulation ends.
2019-09-03 13:31:42,962  WARN CharyparNagelActivityScoring:259 Additional warnings of this type are suppressed.
2019-09-03 13:31:45,280  WARN CharyparNagelActivityScoring:252 The first and the last activity do not have the same type. 
2019-09-03 13:31:45,280  WARN CharyparNagelActivityScoring:253 Will score the first activity from midnight to its end, and the last activity from its start to midnight.
2019-09-03 13:31:45,280  WARN CharyparNagelActivityScoring:254 Because of the nonlinear function, this is not the same as scoring from start to end.
2019-09-03 13:31:45,280  WARN CharyparNagelActivityScoring:255 first activity: [type=home][coord=null][linkId=28625][startTime=undefined][endTime=07:00:00][duration=undefined][facilityId=null]
2019-09-03 13:31:45,281  WARN CharyparNagelActivityScoring:256 last activity: [type=shelter][coord=null][linkId=25696][startTime=08:35:29][endTime=undefined][duration=undefined][facilityId=null]
2019-09-03 13:31:45,281  WARN CharyparNagelActivityScoring:257 This may also happen when plans are not completed when the simulation ends.
2019-09-03 13:31:45,281  WARN CharyparNagelActivityScoring:259 Additional warnings of this type are suppressed.
2019-09-03 13:31:47,523  WARN CharyparNagelActivityScoring:252 The first and the last activity do not have the same type. 
2019-09-03 13:31:47,523  WARN CharyparNagelActivityScoring:253 Will score the first activity from midnight to its end, and the last activity from its start to midnight.
2019-09-03 13:31:47,523  WARN CharyparNagelActivityScoring:254 Because of the nonlinear function, this is not the same as scoring from start to end.
2019-09-03 13:31:47,523  WARN CharyparNagelActivityScoring:255 first activity: [type=home][coord=null][linkId=28625][startTime=undefined][endTime=07:00:00][duration=undefined][facilityId=null]
2019-09-03 13:31:47,523  WARN CharyparNagelActivityScoring:256 last activity: [type=shelter][coord=null][linkId=25696][startTime=08:35:29][endTime=undefined][duration=undefined][facilityId=null]
2019-09-03 13:31:47,523  WARN CharyparNagelActivityScoring:257 This may also happen when plans are not completed when the simulation ends.
2019-09-03 13:31:47,524  WARN CharyparNagelActivityScoring:259 Additional warnings of this type are suppressed.
